[    0.000000] Initializing cgroup subsys cpuset
[    0.000000] Initializing cgroup subsys cpu
[    0.000000] Initializing cgroup subsys cpuacct
[    0.000000] Linux version 4.4.0-83-generic (buildd@lgw01-29) (gcc version 5.4.0 20160609 (Ubuntu 5.4.0-6ubuntu1~16.04.4) ) #106-Ubuntu SMP Mon Jun 26 17:54:43 UTC 2017 (Ubuntu 4.4.0-83.106-generic 4.4.70)
[    0.000000] Command line: BOOT_IMAGE=/boot/vmlinuz-4.4.0-83-generic root=LABEL=cloudimg-rootfs ro console=tty1 console=ttyS0
[    0.000000] KERNEL supported cpus:
[    0.000000]   Intel GenuineIntel
[    0.000000]   AMD AuthenticAMD
[    0.000000]   Centaur CentaurHauls
[    0.000000] x86/fpu: xstate_offset[2]:  576, xstate_sizes[2]:  256
[    0.000000] x86/fpu: Supporting XSAVE feature 0x01: 'x87 floating point registers'
[    0.000000] x86/fpu: Supporting XSAVE feature 0x02: 'SSE registers'
[    0.000000] x86/fpu: Supporting XSAVE feature 0x04: 'AVX registers'
[    0.000000] x86/fpu: Enabled xstate features 0x7, context size is 832 bytes, using 'standard' format.
[    0.000000] x86/fpu: Using 'lazy' FPU context switches.
[    0.000000] e820: BIOS-provided physical RAM map:
[    0.000000] BIOS-e820: [mem 0x0000000000000000-0x000000000009fbff] usable
[    0.000000] BIOS-e820: [mem 0x000000000009fc00-0x000000000009ffff] reserved
[    0.000000] BIOS-e820: [mem 0x00000000000f0000-0x00000000000fffff] reserved
[    0.000000] BIOS-e820: [mem 0x0000000000100000-0x000000003ffeffff] usable
[    0.000000] BIOS-e820: [mem 0x000000003fff0000-0x000000003fffffff] ACPI data
[    0.000000] BIOS-e820: [mem 0x00000000fec00000-0x00000000fec00fff] reserved
[    0.000000] BIOS-e820: [mem 0x00000000fee00000-0x00000000fee00fff] reserved
[    0.000000] BIOS-e820: [mem 0x00000000fffc0000-0x00000000ffffffff] reserved
[    0.000000] NX (Execute Disable) protection: active
[    0.000000] SMBIOS 2.5 present.
[    0.000000] Hypervisor detected: KVM
[    0.000000] e820: last_pfn = 0x3fff0 max_arch_pfn = 0x400000000
[    0.000000] MTRR: Disabled
[    0.000000] x86/PAT: MTRRs disabled, skipping PAT initialization too.
[    0.000000] x86/PAT: Configuration [0-7]: WB  WT  UC- UC  WB  WT  UC- UC  
[    0.000000] CPU MTRRs all blank - virtualized system.
[    0.000000] found SMP MP-table at [mem 0x0009fff0-0x0009ffff] mapped at [ffff88000009fff0]
[    0.000000] Scanning 1 areas for low memory corruption
[    0.000000] RAMDISK: [mem 0x36aee000-0x3756efff]
[    0.000000] ACPI: Early table checksum verification disabled
[    0.000000] ACPI: RSDP 0x00000000000E0000 000024 (v02 VBOX  )
[    0.000000] ACPI: XSDT 0x000000003FFF0030 00003C (v01 VBOX   VBOXXSDT 00000001 ASL  00000061)
[    0.000000] ACPI: FACP 0x000000003FFF00F0 0000F4 (v04 VBOX   VBOXFACP 00000001 ASL  00000061)
[    0.000000] ACPI: DSDT 0x000000003FFF0470 0021C8 (v02 VBOX   VBOXBIOS 00000002 INTL 20100528)
[    0.000000] ACPI: FACS 0x000000003FFF0200 000040
[    0.000000] ACPI: FACS 0x000000003FFF0200 000040
[    0.000000] ACPI: APIC 0x000000003FFF0240 00005C (v02 VBOX   VBOXAPIC 00000001 ASL  00000061)
[    0.000000] ACPI: SSDT 0x000000003FFF02A0 0001CC (v01 VBOX   VBOXCPUT 00000002 INTL 20100528)
[    0.000000] No NUMA configuration found
[    0.000000] Faking a node at [mem 0x0000000000000000-0x000000003ffeffff]
[    0.000000] NODE_DATA(0) allocated [mem 0x3ffeb000-0x3ffeffff]
[    0.000000] kvm-clock: Using msrs 4b564d01 and 4b564d00
[    0.000000] kvm-clock: cpu 0, msr 0:3ffe3001, primary cpu clock
[    0.000000] kvm-clock: using sched offset of 23236096572 cycles
[    0.000000] clocksource: kvm-clock: mask: 0xffffffffffffffff max_cycles: 0x1cd42e4dffb, max_idle_ns: 881590591483 ns
[    0.000000] Zone ranges:
[    0.000000]   DMA      [mem 0x0000000000001000-0x0000000000ffffff]
[    0.000000]   DMA32    [mem 0x0000000001000000-0x000000003ffeffff]
[    0.000000]   Normal   empty
[    0.000000]   Device   empty
[    0.000000] Movable zone start for each node
[    0.000000] Early memory node ranges
[    0.000000]   node   0: [mem 0x0000000000001000-0x000000000009efff]
[    0.000000]   node   0: [mem 0x0000000000100000-0x000000003ffeffff]
[    0.000000] Initmem setup node 0 [mem 0x0000000000001000-0x000000003ffeffff]
[    0.000000] ACPI: PM-Timer IO Port: 0x4008
[    0.000000] IOAPIC[0]: apic_id 2, version 32, address 0xfec00000, GSI 0-23
[    0.000000] ACPI: INT_SRC_OVR (bus 0 bus_irq 0 global_irq 2 dfl dfl)
[    0.000000] ACPI: INT_SRC_OVR (bus 0 bus_irq 9 global_irq 9 high level)
[    0.000000] Using ACPI (MADT) for SMP configuration information
[    0.000000] smpboot: Allowing 2 CPUs, 0 hotplug CPUs
[    0.000000] PM: Registered nosave memory: [mem 0x00000000-0x00000fff]
[    0.000000] PM: Registered nosave memory: [mem 0x0009f000-0x0009ffff]
[    0.000000] PM: Registered nosave memory: [mem 0x000a0000-0x000effff]
[    0.000000] PM: Registered nosave memory: [mem 0x000f0000-0x000fffff]
[    0.000000] e820: [mem 0x40000000-0xfebfffff] available for PCI devices
[    0.000000] Booting paravirtualized kernel on KVM
[    0.000000] clocksource: refined-jiffies: mask: 0xffffffff max_cycles: 0xffffffff, max_idle_ns: 7645519600211568 ns
[    0.000000] setup_percpu: NR_CPUS:512 nr_cpumask_bits:512 nr_cpu_ids:2 nr_node_ids:1
[    0.000000] PERCPU: Embedded 33 pages/cpu @ffff88003fc00000 s98264 r8192 d28712 u1048576
[    0.000000] PV qspinlock hash table entries: 256 (order: 0, 4096 bytes)
[    0.000000] Built 1 zonelists in Node order, mobility grouping on.  Total pages: 257913
[    0.000000] Policy zone: DMA32
[    0.000000] Kernel command line: BOOT_IMAGE=/boot/vmlinuz-4.4.0-83-generic root=LABEL=cloudimg-rootfs ro console=tty1 console=ttyS0
[    0.000000] PID hash table entries: 4096 (order: 3, 32768 bytes)
[    0.000000] Memory: 1001820K/1048120K available (8469K kernel code, 1294K rwdata, 3984K rodata, 1488K init, 1316K bss, 46300K reserved, 0K cma-reserved)
[    0.000000] SLUB: HWalign=64, Order=0-3, MinObjects=0, CPUs=2, Nodes=1
[    0.000000] Hierarchical RCU implementation.
[    0.000000] 	Build-time adjustment of leaf fanout to 64.
[    0.000000] 	RCU restricting CPUs from NR_CPUS=512 to nr_cpu_ids=2.
[    0.000000] RCU: Adjusting geometry for rcu_fanout_leaf=64, nr_cpu_ids=2
[    0.000000] NR_IRQS:33024 nr_irqs:440 16
[    0.000000] Console: colour VGA+ 80x25
[    0.000000] console [tty1] enabled
[    0.000000] console [ttyS0] enabled
[    0.000000] tsc: Detected 2394.562 MHz processor
[   12.589342] Calibrating delay loop (skipped) preset value.. 4789.12 BogoMIPS (lpj=9578248)
[   12.746773] pid_max: default: 32768 minimum: 301
[   12.820937] ACPI: Core revision 20150930
[   12.891912] ACPI: 2 ACPI AML tables successfully acquired and loaded
[   12.999796] Security Framework initialized
[   13.072677] Yama: becoming mindful.
[   13.133435] AppArmor: AppArmor initialized
[   13.201970] Dentry cache hash table entries: 131072 (order: 8, 1048576 bytes)
[   13.303505] Inode-cache hash table entries: 65536 (order: 7, 524288 bytes)
[   13.404130] Mount-cache hash table entries: 2048 (order: 2, 16384 bytes)
[   13.499515] Mountpoint-cache hash table entries: 2048 (order: 2, 16384 bytes)
[   13.601120] Initializing cgroup subsys io
[   13.667607] Initializing cgroup subsys memory
[   13.735462] Initializing cgroup subsys devices
[   13.824055] Initializing cgroup subsys freezer
[   13.903198] Initializing cgroup subsys net_cls
[   13.976588] Initializing cgroup subsys perf_event
[   14.108963] Initializing cgroup subsys net_prio
[   14.201482] Initializing cgroup subsys hugetlb
[   14.388165] Initializing cgroup subsys pids
[   14.462095] CPU: Physical Processor ID: 0
[   14.527420] CPU: Processor Core ID: 0
[   14.600069] mce: CPU supports 0 MCE banks
[   14.669707] Last level iTLB entries: 4KB 512, 2MB 8, 4MB 8
[   14.751567] Last level dTLB entries: 4KB 512, 2MB 32, 4MB 32, 1GB 0
[   15.010471] Freeing SMP alternatives memory: 32K (ffffffff820b9000 - ffffffff820c1000)
[   15.974819] ftrace: allocating 32129 entries in 126 pages
[   18.518247] smpboot: APIC(0) Converting physical 0 to logical package 0
[   18.617117] smpboot: Max logical packages: 1
[   18.714410] x2apic enabled
[   18.792082] Switched APIC routing to physical x2apic.
[   19.003007] ..TIMER: vector=0x30 apic1=0 pin1=2 apic2=-1 pin2=-1
[   19.206642] smpboot: CPU0: Intel(R) Core(TM) i3-3110M CPU @ 2.40GHz (family: 0x6, model: 0x3a, stepping: 0x9)
[   19.368964] Performance Events: unsupported p6 CPU model 58 no PMU driver, software events only.
[   19.513967] KVM setup paravirtual spinlock
[   19.583895] x86: Booting SMP configuration:
[   19.653772] .... node  #0, CPUs:      #1
[   19.725138] kvm-clock: cpu 1, msr 0:3ffe3041, secondary cpu clock
[   19.806880] mce: CPU supports 0 MCE banks
[   19.848379] x86: Booted up 1 node, 2 CPUs
[   19.949325] smpboot: Total of 2 processors activated (9578.24 BogoMIPS)
[   20.086007] devtmpfs: initialized
[   20.184054] evm: security.selinux
[   20.250267] evm: security.SMACK64
[   20.316956] evm: security.SMACK64EXEC
[   20.415647] evm: security.SMACK64TRANSMUTE
[   20.506424] evm: security.SMACK64MMAP
[   20.577629] evm: security.ima
[   20.647169] evm: security.capability
[   20.754806] clocksource: jiffies: mask: 0xffffffff max_cycles: 0xffffffff, max_idle_ns: 7645041785100000 ns
[   21.048130] futex hash table entries: 512 (order: 3, 32768 bytes)
[   21.222204] pinctrl core: initialized pinctrl subsystem
[   21.346055] RTC time: 10:49:04, date: 08/23/17
[   21.488119] NET: Registered protocol family 16
[   21.602451] cpuidle: using governor ladder
[   21.706377] cpuidle: using governor menu
[   21.802666] PCCT header not found.
[   21.879030] ACPI: bus type PCI registered
[   21.959896] acpiphp: ACPI Hot Plug PCI Controller Driver version: 0.5
[   22.064686] PCI: Using configuration type 1 for base access
[   22.191124] ACPI: Added _OSI(Module Device)
[   22.287731] ACPI: Added _OSI(Processor Device)
[   22.383159] ACPI: Added _OSI(3.0 _SCP Extensions)
[   22.464450] ACPI: Added _OSI(Processor Aggregator Device)
[   22.575316] ACPI: Executed 1 blocks of module-level executable AML code
[   22.719833] ACPI: Interpreter enabled
[   22.791021] ACPI: (supports S0 S5)
[   22.870549] ACPI: Using IOAPIC for interrupt routing
[   23.074590] PCI: Using host bridge windows from ACPI; if necessary, use "pci=nocrs" and report a bug
[   23.363658] ACPI: PCI Root Bridge [PCI0] (domain 0000 [bus 00-ff])
[   23.474589] acpi PNP0A03:00: _OSC: OS supports [ASPM ClockPM Segments MSI]
[   23.587161] acpi PNP0A03:00: _OSC failed (AE_NOT_FOUND); disabling ASPM
[   23.685478] acpi PNP0A03:00: fail to add MMCONFIG information, can't access extended PCI configuration space under this bridge.
[   23.988395] PCI host bridge to bus 0000:00
[   24.079617] pci_bus 0000:00: root bus resource [io  0x0000-0x0cf7 window]
[   24.223133] pci_bus 0000:00: root bus resource [io  0x0d00-0xffff window]
[   24.385752] pci_bus 0000:00: root bus resource [mem 0x000a0000-0x000bffff window]
[   24.597996] pci_bus 0000:00: root bus resource [mem 0x40000000-0xffdfffff window]
[   24.751852] pci_bus 0000:00: root bus resource [bus 00-ff]
[   24.998238] pci 0000:00:01.1: legacy IDE quirk: reg 0x10: [io  0x01f0-0x01f7]
[   25.108980] pci 0000:00:01.1: legacy IDE quirk: reg 0x14: [io  0x03f6]
[   25.212456] pci 0000:00:01.1: legacy IDE quirk: reg 0x18: [io  0x0170-0x0177]
[   25.325681] pci 0000:00:01.1: legacy IDE quirk: reg 0x1c: [io  0x0376]
[   26.011505] pci 0000:00:07.0: quirk: [io  0x4000-0x403f] claimed by PIIX4 ACPI
[   26.137608] pci 0000:00:07.0: quirk: [io  0x4100-0x410f] claimed by PIIX4 SMB
[   26.436454] ACPI: PCI Interrupt Link [LNKA] (IRQs 5 9 10 *11)
[   27.675816] ACPI: PCI Interrupt Link [LNKB] (IRQs 5 9 10 *11)
[   27.841578] ACPI: PCI Interrupt Link [LNKC] (IRQs 5 9 *10 11)
[   28.001767] ACPI: PCI Interrupt Link [LNKD] (IRQs 5 *9 10 11)
[   28.330791] ACPI: Enabled 2 GPEs in block 00 to 07
[   28.473609] vgaarb: setting as boot device: PCI:0000:00:02.0
[   28.571747] vgaarb: device added: PCI:0000:00:02.0,decodes=io+mem,owns=io+mem,locks=none
[   28.743380] vgaarb: loaded
[   28.812168] vgaarb: bridge control possible 0000:00:02.0
[   28.917340] SCSI subsystem initialized
[   28.994989] ACPI: bus type USB registered
[   29.075915] usbcore: registered new interface driver usbfs
[   29.175828] usbcore: registered new interface driver hub
[   29.308780] usbcore: registered new device driver usb
[   29.413929] PCI: Using ACPI for IRQ routing
[   29.516101] NetLabel: Initializing
[   29.706453] NetLabel:  domain hash size = 128
[   29.851367] NetLabel:  protocols = UNLABELED CIPSOv4
[   29.983384] NetLabel:  unlabeled traffic allowed by default
[   30.270686] amd_nb: Cannot enumerate AMD northbridges
[   30.562149] clocksource: Switched to clocksource kvm-clock
[   30.773073] AppArmor: AppArmor Filesystem Enabled
[   30.844319] pnp: PnP ACPI init
[   30.928081] pnp: PnP ACPI: found 3 devices
[   31.019349] clocksource: acpi_pm: mask: 0xffffff max_cycles: 0xffffff, max_idle_ns: 2085701024 ns
[   31.165739] NET: Registered protocol family 2
[   31.243918] TCP established hash table entries: 8192 (order: 4, 65536 bytes)
[   31.347516] TCP bind hash table entries: 8192 (order: 5, 131072 bytes)
[   31.445297] TCP: Hash tables configured (established 8192 bind 8192)
[   31.538496] UDP hash table entries: 512 (order: 2, 16384 bytes)
[   31.639343] UDP-Lite hash table entries: 512 (order: 2, 16384 bytes)
[   31.745800] NET: Registered protocol family 1
[   31.820690] pci 0000:00:00.0: Limiting direct PCI/PCI transfers
[   31.988391] pci 0000:00:01.0: Activating ISA DMA hang workarounds
[   32.165792] Unpacking initramfs...
[   42.826271] Freeing initrd memory: 10756K (ffff880036aee000 - ffff88003756f000)
[   42.960143] RAPL PMU detected, API unit is 2^-32 Joules, 3 fixed counters 10737418240 ms ovfl timer
[   43.110989] hw unit of domain pp0-core 2^-0 Joules
[   43.191154] hw unit of domain package 2^-0 Joules
[   43.290884] hw unit of domain pp1-gpu 2^-0 Joules
[   43.407367] platform rtc_cmos: registered platform RTC device (no PNP device found)
[   43.543016] Scanning for low memory corruption every 60 seconds
[   43.645584] audit: initializing netlink subsys (disabled)
[   43.730979] audit: type=2000 audit(1503485368.654:1): initialized
[   43.831714] Initialise system trusted keyring
[   43.909522] HugeTLB registered 2 MB page size, pre-allocated 0 pages
[   44.016281] zbud: loaded
[   44.073057] VFS: Disk quotas dquot_6.6.0
[   44.216915] VFS: Dquot-cache hash table entries: 512 (order 0, 4096 bytes)
[   44.315682] squashfs: version 4.0 (2009/01/31) Phillip Lougher
[   44.411791] fuse init (API version 7.23)
[   44.496980] Key type big_key registered
[   44.572402] Allocating IMA MOK and blacklist keyrings.
[   44.721194] Key type asymmetric registered
[   44.895926] Asymmetric key parser 'x509' registered
[   45.158002] Block layer SCSI generic (bsg) driver version 0.4 loaded (major 249)
[   45.371439] io scheduler noop registered
[   45.444373] io scheduler deadline registered (default)
[   45.532516] io scheduler cfq registered
[   45.610427] pci_hotplug: PCI Hot Plug PCI Core version: 0.5
[   45.695998] pciehp: PCI Express Hot Plug Controller Driver version: 0.4
[   45.803503] ACPI: AC Adapter [AC] (on-line)
[   45.874904] input: Power Button as /devices/LNXSYSTM:00/LNXPWRBN:00/input/input0
[   45.996875] ACPI: Power Button [PWRF]
[   46.065085] input: Sleep Button as /devices/LNXSYSTM:00/LNXSLPBN:00/input/input1
[   46.216041] ACPI: Sleep Button [SLPF]
[   46.292668] GHES: HEST is not enabled!
[   46.316319] ACPI: Battery Slot [BAT0] (battery present)
[   46.440849] Serial: 8250/16550 driver, 32 ports, IRQ sharing enabled
[   46.736928] 00:02: ttyS0 at I/O 0x3f8 (irq = 4, base_baud = 115200) is a 16550A
[   46.872563] Linux agpgart interface v0.103
[   46.968785] loop: module loaded
[   47.049835] scsi host0: ata_piix
[   47.114443] scsi host1: ata_piix
[   47.184370] ata1: PATA max UDMA/33 cmd 0x1f0 ctl 0x3f6 bmdma 0xd000 irq 14
[   47.437492] ata2: PATA max UDMA/33 cmd 0x170 ctl 0x376 bmdma 0xd008 irq 15
[   47.598369] libphy: Fixed MDIO Bus: probed
[   47.675403] tun: Universal TUN/TAP device driver, 1.6
[   47.755430] tun: (C) 1999-2004 Max Krasnyansky <maxk@qualcomm.com>
[   47.856322] PPP generic driver version 2.4.2
[   47.934475] ehci_hcd: USB 2.0 'Enhanced' Host Controller (EHCI) Driver
[   48.035364] ehci-pci: EHCI PCI platform driver
[   48.117473] ehci-platform: EHCI generic platform driver
[   48.207896] ohci_hcd: USB 1.1 'Open' Host Controller (OHCI) Driver
[   48.299195] ohci-pci: OHCI PCI platform driver
[   48.374340] ohci-platform: OHCI generic platform driver
[   48.468110] uhci_hcd: USB Universal Host Controller Interface driver
[   48.587361] i8042: PNP: PS/2 Controller [PNP0303:PS2K,PNP0f03:PS2M] at 0x60,0x64 irq 1,12
[   48.754278] serio: i8042 KBD port at 0x60,0x64 irq 1
[   48.834678] serio: i8042 AUX port at 0x60,0x64 irq 12
[   48.916837] mousedev: PS/2 mouse device common for all mice
[   49.027491] rtc_cmos rtc_cmos: rtc core: registered rtc_cmos as rtc0
[   49.129627] input: AT Translated Set 2 keyboard as /devices/platform/i8042/serio0/input/input2
[   49.195677] rtc_cmos rtc_cmos: alarms up to one day, 114 bytes nvram
[   49.195720] i2c /dev entries driver
[   49.196507] device-mapper: uevent: version 1.0.3
[   49.267837] device-mapper: ioctl: 4.34.0-ioctl (2015-10-28) initialised: dm-devel@redhat.com
[   49.267896] ledtrig-cpu: registered to indicate activity on CPUs
[   49.269527] NET: Registered protocol family 10
[   49.270992] NET: Registered protocol family 17
[   49.271011] Key type dns_resolver registered
[   49.271842] microcode: CPU0 sig=0x306a9, pf=0x2, revision=0x19
[   49.383337] microcode: CPU1 sig=0x306a9, pf=0x2, revision=0x19
[   49.383836] microcode: Microcode Update Driver: v2.01 <tigran@aivazian.fsnet.co.uk>, Peter Oruba
[   49.384302] registered taskstats version 1
[   49.384334] Loading compiled-in X.509 certificates
[   49.387321] Loaded X.509 cert 'Build time autogenerated kernel key: 35105354eb779045e4d9ad793dead39d5ee93f76'
[   49.387719] zswap: loaded using pool lzo/zbud
[   49.397987] Key type trusted registered
[   49.416046] Key type encrypted registered
[   49.416063] AppArmor: AppArmor sha1 policy hashing enabled
[   49.416068] ima: No TPM chip found, activating TPM-bypass!
[   49.416117] evm: HMAC attrs: 0x1
[   49.429053]   Magic number: 13:587:831
[   49.458202] rtc_cmos rtc_cmos: setting system clock to 2017-08-23 10:49:32 UTC (1503485372)
[   49.463172] BIOS EDD facility v0.16 2004-Jun-25, 0 devices found
[   49.463173] EDD information not available.
[   51.748755] Freeing unused kernel memory: 1488K (ffffffff81f45000 - ffffffff820b9000)
[   51.886498] Write protecting the kernel read-only data: 14336k
[   52.031679] Freeing unused kernel memory: 1760K (ffff880001848000 - ffff880001a00000)
[   52.200507] Freeing unused kernel memory: 112K (ffff880001de4000 - ffff880001e00000)
Loading, please wait...
starting version[   52.552484] random: udevadm: uninitialized urandom read (16 bytes read, 8 bits of entropy available)
 229
[   52.660132] random: systemd-udevd: uninitialized urandom read (16 bytes read, 8 bits of entropy available)
[   52.660783] random: systemd-udevd: uninitialized urandom read (16 bytes read, 8 bits of entropy available)
[   52.660815] random: systemd-udevd: uninitialized urandom read (16 bytes read, 8 bits of entropy available)
[   52.660849] random: systemd-udevd: uninitialized urandom read (16 bytes read, 8 bits of entropy available)
[   53.365034] random: udevadm: uninitialized urandom read (16 bytes read, 8 bits of entropy available)
[   53.524029] random: udevadm: uninitialized urandom read (16 bytes read, 8 bits of entropy available)
[   53.725748] random: udevadm: uninitialized urandom read (16 bytes read, 8 bits of entropy available)
[   53.894593] random: udevadm: uninitialized urandom read (16 bytes read, 8 bits of entropy available)
[   54.051077] random: udevadm: uninitialized urandom read (16 bytes read, 8 bits of entropy available)
[   54.492246] e1000: Intel(R) PRO/1000 Network Driver - version 7.3.21-k8-NAPI
[   54.639686] e1000: Copyright (c) 1999-2006 Intel Corporation.
[   54.793870] Fusion MPT base driver 3.04.20
[   54.891530] Copyright (c) 1999-2008 LSI Corporation
[   55.086077] Fusion MPT SPI Host driver 3.04.20
[   55.891625] input: ImExPS/2 Generic Explorer Mouse as /devices/platform/i8042/serio1/input/input4
[   58.291996] floppy0: no floppy controllers found
[   62.456534] e1000 0000:00:03.0 eth0: (PCI:33MHz:32-bit) 02:d7:1c:16:c9:17
[   62.564624] e1000 0000:00:03.0 eth0: Intel(R) PRO/1000 Network Connection
[   62.840261] e1000 0000:00:03.0 enp0s3: renamed from eth0
[   63.055473] mptbase: ioc0: Initiating bringup
[   63.233610] ioc0: LSI53C1030 A0: Capabilities={Initiator}
[   63.630809] scsi host2: ioc0: LSI53C1030 A0, FwRev=00000000h, Ports=1, MaxQ=256, IRQ=20
[   63.881174] scsi 2:0:0:0: Direct-Access     VBOX     HARDDISK         1.0  PQ: 0 ANSI: 5
[   64.012115] scsi target2:0:0: Beginning Domain Validation
[   64.140041] scsi target2:0:0: Domain Validation skipping write tests
[   64.244353] scsi target2:0:0: Ending Domain Validation
[   64.335430] scsi target2:0:0: asynchronous
[   64.414770] scsi 2:0:1:0: Direct-Access     VBOX     HARDDISK         1.0  PQ: 0 ANSI: 5
[   65.532054] scsi target2:0:1: Beginning Domain Validation
[   65.673905] scsi target2:0:1: Domain Validation skipping write tests
[   65.773007] scsi target2:0:1: Ending Domain Validation
[   65.882346] scsi target2:0:1: asynchronous
[   66.097536] sd 2:0:0:0: Attached scsi generic sg0 type 0
[   66.101484] sd 2:0:0:0: [sda] 20971520 512-byte logical blocks: (10.7 GB/10.0 GiB)
[   66.108698] sd 2:0:0:0: [sda] Write Protect is off
[   66.112574] sd 2:0:0:0: [sda] Incomplete mode parameter data
[   66.112578] sd 2:0:0:0: [sda] Assuming drive cache: write through
[   66.225989]  sda: sda1
[   66.237221] sd 2:0:0:0: [sda] Attached SCSI disk
[   66.757279] sd 2:0:1:0: [sdb] 20480 512-byte logical blocks: (10.5 MB/10.0 MiB)
[   66.895110] sd 2:0:1:0: Attached scsi generic sg1 type 0
[   67.013096] sd 2:0:1:0: [sdb] Write Protect is off
[   67.133692] sd 2:0:1:0: [sdb] Incomplete mode parameter data
[   67.244866] sd 2:0:1:0: [sdb] Assuming drive cache: write through
[   67.498225] sd 2:0:1:0: [sdb] Attached SCSI disk
Begin: Loading essential drivers ... [   98.141001] md: linear personality registered for level -1
[   98.273341] md: multipath personality registered for level -4
[   98.407771] md: raid0 personality registered for level 0
[   98.543185] md: raid1 personality registered for level 1
[   98.763594] raid6: sse2x1   gen()  1494 MB/s
[   98.911483] raid6: sse2x1   xor()  1056 MB/s
[   99.055470] raid6: sse2x2   gen()  1242 MB/s
[   99.224348] raid6: sse2x2   xor()   852 MB/s
[   99.379768] raid6: sse2x4   gen()  1911 MB/s
[   99.543066] raid6: sse2x4   xor()  1170 MB/s
[   99.637849] raid6: using algorithm sse2x4 gen() 1911 MB/s
[   99.728719] raid6: .... xor() 1170 MB/s, rmw enabled
[   99.811774] raid6: using ssse3x2 recovery algorithm
[   99.918404] xor: automatically using best checksumming function:
[  100.059151]    avx       :  4299.000 MB/sec
[  100.161651] async_tx: api initialized (async)
[  100.387421] md: raid6 personality registered for level 6
[  100.475701] md: raid5 personality registered for level 5
[  100.564200] md: raid4 personality registered for level 4
[  100.748526] md: raid10 personality registered for level 10
done.
Begin: Running /scripts/init-premount ... done.
Begin: Mounting root file system ... Begin: Running /scripts/local-top ... done.
Begin: Running /scripts/local-premount ... [  101.320065] Btrfs loaded
Scanning for Btrfs filesystems
done.
Warning: fsck not present, so skipping root file system
[  101.987723] EXT4-fs (sda1): mounted filesystem with ordered data mode. Opts: (null)
done.
[  102.167282] random: nonblocking pool is initialized
Begin: Running /scripts/local-bottom ... done.
Begin: Running /scripts/init-bottom ... done.
[  104.108342] systemd[1]: systemd 229 running in system mode. (+PAM +AUDIT +SELINUX +IMA +APPARMOR +SMACK +SYSVINIT +UTMP +LIBCRYPTSETUP +GCRYPT +GNUTLS +ACL +XZ -LZ4 +SECCOMP +BLKID +ELFUTILS +KMOD -IDN)
[  104.428115] systemd[1]: Detected virtualization oracle.
[  104.517062] systemd[1]: Detected architecture x86-64.

Welcome to [1mUbuntu 16.04.2 LTS[0m!

[  104.771287] systemd[1]: Set hostname to <ubuntu-xenial>.
[  107.369289] systemd[1]: Listening on Journal Audit Socket.
[[0;32m  OK  [0m] Listening on Journal Audit Socket.
[  107.569923] systemd[1]: Listening on LVM2 poll daemon socket.
[[0;32m  OK  [0m] Listening on LVM2 poll daemon socket.
[  107.780902] systemd[1]: Listening on Journal Socket (/dev/log).
[[0;32m  OK  [0m] Listening on Journal Socket (/dev/log).
[  107.968608] systemd[1]: Created slice User and Session Slice.
[[0;32m  OK  [0m] Created slice User and Session Slice.
[  108.154273] systemd[1]: Listening on /dev/initctl Compatibility Named Pipe.
[[0;32m  OK  [0m] Listening on /dev/initctl Compatibility Named Pipe.
[  108.370323] systemd[1]: Reached target User and Group Name Lookups.
[[0;32m  OK  [0m] Reached target User and Group Name Lookups.
[  108.557149] systemd[1]: Listening on Syslog Socket.
[[0;32m  OK  [0m] Listening on Syslog Socket.
[  108.706835] systemd[1]: Set up automount Arbitrary Executable File Formats File System Automount Point.
[[0;32m  OK  [0m] Set up automount Arbitrary Executab...ats File System Automount Point.
[  109.005910] systemd[1]: Started Forward Password Requests to Wall Directory Watch.
[[0;32m  OK  [0m] Started Forward Password Requests to Wall Directory Watch.
[  109.242417] systemd[1]: Listening on LVM2 metadata daemon socket.
[[0;32m  OK  [0m] Listening on LVM2 metadata daemon socket.
[  109.422440] systemd[1]: Reached target Swap.
[[0;32m  OK  [0m] Reached target Swap.
[  109.566171] systemd[1]: Listening on udev Control Socket.
[[0;32m  OK  [0m] Listening on udev Control Socket.
[  109.722540] systemd[1]: Listening on Device-mapper event daemon FIFOs.
[[0;32m  OK  [0m] Listening on Device-mapper event daemon FIFOs.
[  109.922567] systemd[1]: Listening on udev Kernel Socket.
[[0;32m  OK  [0m] Listening on udev Kernel Socket.
[  110.086005] systemd[1]: Created slice System Slice.
[[0;32m  OK  [0m] Created slice System Slice.
[  110.256095] systemd[1]: Created slice system-serial\x2dgetty.slice.
[[0;32m  OK  [0m] Created slice system-serial\x2dgetty.slice.
[  110.432782] systemd[1]: Started Trigger resolvconf update for networkd DNS.
[[0;32m  OK  [0m] Started Trigger resolvconf update for networkd DNS.
[  110.683994] systemd[1]: Reached target Encrypted Volumes.
[[0;32m  OK  [0m] Reached target Encrypted Volumes.
[  110.840396] systemd[1]: Reached target Slices.
[[0;32m  OK  [0m] Reached target Slices.
[  110.999192] systemd[1]: Listening on Journal Socket.
[[0;32m  OK  [0m] Listening on Journal Socket.
[  111.235760] systemd[1]: Starting Remount Root and Kernel File Systems...
         Starting Remount Root and Kernel File Systems...
[  111.429037] systemd[1]: Starting Nameserver information manager...
         Starting Nameserver information manager...
[  111.612734] EXT4-fs (sda1): re-mounted. Opts: (null)
[  111.736131] systemd[1]: Starting Monitoring of LVM2 mirrors, snapshots etc. using dmeventd or progress polling...
         Starting Monitoring of LVM2 mirrors... dmeventd or progress polling...
[  112.072249] systemd[1]: Mounting POSIX Message Queue File System...
         Mounting POSIX Message Queue File System...
[  112.264234] systemd[1]: Starting Uncomplicated firewall...
         Starting Uncomplicated firewall...
[  112.439878] systemd[1]: Mounting Huge Pages File System...
         Mounting Huge Pages File System...
[  112.616784] systemd[1]: Starting Create list of required static device nodes for the current kernel...
         Starting Create list of required st... nodes for the current kernel...
[  112.889574] systemd[1]: Mounting Debug File System...
         Mounting Debug File System...
[  113.071608] systemd[1]: Starting Set console keymap...
         Starting Set console keymap...
[  113.332748] systemd[1]: Starting Load Kernel Modules...
         Starting Load Kernel Modules...
[  113.562407] systemd[1]: Starting Journal Service...
         Starting Journal Service...
[  113.748901] Loading iSCSI transport class v2.0-870.
[  113.871420] systemd[1]: Mounted Huge Pages File System.
[[0;32m  OK  [0m] Mounted Huge Pages File System.
[  114.139275] systemd[1]: Mounted Debug File System.
[  114.147629] iscsi: registered transport (tcp)
[[0;32m  OK  [0m] Mounted Debug File System.
[  114.507556] systemd[1]: Mounted POSIX Message Queue File System.
[[0;32m  OK  [0m] Mounted POSIX Message Queue File System.
[  114.819550] systemd[1]: Started Journal Service.
[[0;32m  OK  [0m] Started Journal Service.
[  115.116635] iscsi: registered transport (iser)
[[0;32m  OK  [0m] Started Remount Root and Kernel File Systems.
[[0;32m  OK  [0m] Started Uncomplicated firewall.
[[0;32m  OK  [0m] Started Create list of required sta...ce nodes for the current kernel.
[[0;32m  OK  [0m] Started Set console keymap.
[[0;32m  OK  [0m] Started Load Kernel Modules.
[[0;32m  OK  [0m] Started Nameserver information manager.
[[0;32m  OK  [0m] Started LVM2 metadata daemon.
         Starting Apply Kernel Variables...
         Mounting FUSE Control File System...
         Starting Create Static Device Nodes in /dev...
         Starting udev Coldplug all Devices...
         Starting Initial cloud-init job (pre-networking)...
         Starting Load/Save Random Seed...
         Starting Flush Journal to Persistent Storage...
[[0;32m  OK  [0m] Mounted FUSE Control File System.
[[0;32m  OK  [0m] Started Monitoring of LVM2 mirrors,...ng dmeventd or progress polling.
[[0;32m  OK  [0m] Started Apply Kernel Variables.
[[0;32m  OK  [0m] Started Create Static Device Nodes in /dev.
[[0;32m  OK  [0m] Started Load/Save Random Seed.
[[0;32m  OK  [0m] Started udev Coldplug all Devices.
[[0;32m  OK  [0m] Started Flush Journal to Persistent Storage.
         Starting udev Kernel Device Manager...
[[0;32m  OK  [0m] Started udev Kernel Device Manager.
[[0;32m  OK  [0m] Started Dispatch Password Requests to Console Directory Watch.
[[0;32m  OK  [0m] Reached target Local File Systems (Pre).
[[0;32m  OK  [0m] Reached target Local File Systems.
         Starting Tell Plymouth To Write Out Runtime Data...
         Starting LSB: AppArmor initialization...
         Starting Set console font and keymap...
         Starting Create Volatile Files and Directories...
[[0;32m  OK  [0m] Started Tell Plymouth To Write Out Runtime Data.
[[0;32m  OK  [0m] Started Create Volatile Files and Directories.
[[0;32m  OK  [0m] Reached target System Time Synchronized.
         Starting Update UTMP about System Boot/Shutdown...
[[0;32m  OK  [0m] Started Update UTMP about System Boot/Shutdown.
[[0;32m  OK  [0m[  111.166040] ] cloud-init[440]: Cloud-init v. 0.7.9 running 'init-local' at Wed, 23 Aug 2017 10:50:54 +0000. Up 108.11 seconds.Started LSB: AppArmor initialization.

[[0;32m  OK  [0m] Started Initial cloud-init job (pre-networking).
[[0;32m  OK  [0m] Found device /dev/ttyS0.
[[0;32m  OK  [0m] Listening on Load/Save RF Kill Switch Status /dev/rfkill Watch.
[[0;32m  OK  [0m] Reached target Network (Pre).
         Starting Raise network interfaces...
[[0m[0;31m*     [0m] (1 of 2) A start job is running for...interfaces (1min 25s / 6min 19s)[K[[0;1;31m*[0m[0;31m*    [0m] (1 of 2) A start job is running for...interfaces (1min 29s / 6min 19s)[K[[0;32m  OK  [0m] Started Set console font and keymap.
[[0;32m  OK  [0m] Created slice system-getty.slice.
         Starting LSB: start Samba SMB/CIFS daemon (smbd)...
[[0;31m*[0;1;31m*[0m[0;31m*   [0m] (1 of 2) A start job is running for...B/CIFS daemon (smbd) (3s / 5min)[K[ [0;31m*[0;1;31m*[0m[0;31m*  [0m] (2 of 2) A start job is running for...interfaces (1min 43s / 6min 37s)[K[  [0;31m*[0;1;31m*[0m[0;31m* [0m] (2 of 2) A start job is running for...interfaces (1min 43s / 6min 37s)[K[   [0;31m*[0;1;31m*[0m[0;31m*[0m] (2 of 2) A start job is running for...interfaces (1min 44s / 6min 37s)[K[    [0;31m*[0;1;31m*[0m] (1 of 2) A start job is running for...B/CIFS daemon (smbd) (5s / 5min)[K[     [0;31m*[0m] (1 of 2) A start job is running for...B/CIFS daemon (smbd) (6s / 5min)[K[    [0;31m*[0;1;31m*[0m] (1 of 2) A start job is running for...B/CIFS daemon (smbd) (6s / 5min)[K[   [0;31m*[0;1;31m*[0m[0;31m*[0m] (2 of 2) A start job is running for...interfaces (1min 46s / 6min 37s)[K[  [0;31m*[0;1;31m*[0m[0;31m* [0m] (2 of 2) A start job is running for...interfaces (1min 47s / 6min 37s)[K[ [0;31m*[0;1;31m*[0m[0;31m*  [0m] (2 of 2) A start job is running for...interfaces (1min 47s / 6min 37s)[K[[0;31m*[0;1;31m*[0m[0;31m*   [0m] (1 of 2) A start job is running for...B/CIFS daemon (smbd) (8s / 5min)[K[[0;32m  OK  [0m] Started LSB: start Samba SMB/CIFS daemon (smbd).
[[0;32m  OK  [0m] Started Raise network interfaces.
[[0;32m  OK  [0m] Reached target Network.
         Starting Initial cloud-init job (metadata service crawler)...
[  199.326183] cloud-init[976]: Cloud-init v. 0.7.9 running 'init' at Wed, 23 Aug 2017 10:52:21 +0000. Up 195.55 seconds.
[  199.551048] cloud-init[976]: [[0;32m  OK  [0m] Started Initial cloud-init job (metadata service crawler).
[[0;32m  OK  [0m] Reached target Network is Online.
ci-info: +++++++++++++++++++++++++++++++++++++Net device info++++++++++++++++++++++++++++++++++++++
[  199.927513] cloud-init         Starting iSCSI initiator daemon (iscsid)...
[[0;32m  OK  [0m] Reached target System Initialization.
[[0;32m  OK  [0m] Listening on ACPID Listen Socket.
         Starting Socket activation for snappy daemon.
[976]: ci-info: +--------+------+----------------------------+---------------+-------+-------------------+[[0;32m  OK  [0m] Started Clean PHP session files every 30 mins.
[[0;32m  OK  [0m] Started Timer to automatically refresh installed snaps.
[[0;32m  OK  [0m] Listening on D-Bus System Message Bus Socket.
[[0;32m  OK  [0m] Started Daily Cleanup of Temporary Directories.

[[0;32m  OK  [0m] Started ACPI Events Check.
[  200.905635] [[0;32m  OK  [0m] Reached target Paths.
cloud-init[976]:          ci-info: | Device |  Up  |          Address           |      Mask     | Scope |     Hw-Address    |Starting LXD - unix socket.

[[0;32m  OK  [0m] Listening on UUID daemon activation socket.
[  201.237373] cloud-init[[0;32m  OK  [0m] Started Daily apt activities.
[[0;32m  OK  [0m] Reached target Timers.
[[0;32m  OK  [0m] Reached target Cloud-config availability.
[976]: ci-info: +--------+------+----------------------------+---------------+-------+-------------------+
[  201.739820] cloud-init[976]: ci-info: | enp0s3 | True |         10.0.2.15          | 255.255.255.0 |   .   | 02:d7:1c:16:c9:17 |[[0;32m  OK  [0m] Listening on Socket activation for snappy daemon.
[[0;32m  OK  [0m] Listening on LXD - unix socket.
[  202.095677] 
cloud-init[[0;32m  OK  [0m[976]: ] Started iSCSI initiator daemon (iscsid).ci-info: | enp0s3 | True | fe80::d7:1cff:fe16:c917/64 |       .       |  link | 02:d7:1c:16:c9:17 |
[  202.218489] 
cloud-init[976]: ci-info: |   lo   | True |         127.0.0.1          |   255.0.0.0   |   .   |         .         |
[  202.483859] cloud-init[976]:          Starting Login to default iSCSI targets...
[[0;32m  OK  [0m] Reached target Sockets.
[[0;32m  OK  [0m] Reached target Basic System.
         Starting Login Service...
         Starting Apply the settings specified in cloud-config...
[[0;32m  OK  [0m] Started Regular background program processing daemon.
[[0;32m  OK  [0m] Started Unattended Upgrades Shutdown.
[[0;32m  OK  [0m] Started Snappy daemon.
         ci-info: |   lo   | True |          ::1/128           |       .       |  host |         .         |Starting Auto import assertions from block devices...

         Starting System Logging Service...
[  203.313801] cloud-init[[0;32m  OK  [0m] Started D-Bus System Message Bus.
[976]: ci-info: +--------+------+----------------------------+---------------+-------+-------------------+
[  203.746541] cloud-init[976]: ci-info: +++++++++++++++++++++++++++Route IPv4 info++++++++++++++++++++++++++++
[  204.017426] cloud-init[976]: ci-info: +-------+-------------+----------+---------------+-----------+-------+
[  204.274175] cloud-init[976]: ci-info: | Route | Destination | Gateway  |    Genmask    | Interface | Flags |
[  204.607691] cloud-init[976]: ci-info: +-------+-------------+----------+---------------+-----------+-------+
[  204.857418] cloud-init[976]: ci-info: |   0   |   0.0.0.0   | 10.0.2.2 |    0.0.0.0    |   enp0s3  |   UG  |
[  205.098542] [[0;32m  OK  [0m] Started ACPI event daemon.
cloud-init[976]:          Starting MySQL Community Server...
[[0;32m  OK  [0m] Started FUSE filesystem for LXC.
[[0;32m  OK  [0m] Started Deferred execution scheduler.
         Starting LSB: MD monitoring daemon...
         Starting Pollinate to seed the pseudo random number generator...
ci-info: |   1   |   10.0.2.0  | 0.0.0.0  | 255.255.255.0 |   enp0s3  |   U   |         Starting Accounts Service...
         Starting LSB: Record successful boot for GRUB...

         Starting /etc/rc.local Compatibility...
         [  206.226432] cloud-init[976]: ci-info: +-------+-------------+----------+---------------+-----------+-------+
Starting LXD - container startup/shutdown...
[[0;32m  OK  [0m] Started System Logging Service.
[[0;32m  OK  [0m] Started Auto import assertions from block devices.
[[0;32m  OK  [0m] Started /etc/rc.local Compatibility.
[[0;32m  OK  [0m] Started Login to default iSCSI targets.
[[0;32m  OK  [0m] Started Login Service.
         Starting Authenticate and Authorize Users to Run Privileged Tasks...
[[0;32m  OK  [0m] Reached target Remote File Systems (Pre).
[[0;32m  OK  [0m] Reached target Remote File Systems.
         Starting LSB: daemon to balance interrupts for SMP systems...
         Starting LSB: VirtualBox Linux Additions...
         Starting LSB: start Samba daemons for the AD DC...
         Starting LSB: start Samba NetBIOS nameserver (nmbd)...
         Starting Permit User Sessions...
         Starting LSB: Set the CPU Frequency Scaling governor to "ondemand"...
         Starting LSB: automatic crash report generation...
         Starting LSB: Apache2 web server...
[[0;32m  OK  [0m] Started LSB: MD monitoring daemon.
[[0;32m  OK  [0m] Started LSB: Record successful boot for GRUB.
[[0;32m  OK  [0m] Started LXD - container startup/shutdown.
[[0;32m  OK  [0m] Started Permit User Sessions.
[[0;32m  OK  [0m] Started Authenticate and Authorize Users to Run Privileged Tasks.
[[0;32m  OK  [0m] Started Accounts Service.
         Starting Terminate Plymouth Boot Screen...
         Starting Hold until boot process finishes up...
[[0;32m  OK  [0m] Started LSB: daemon to balance interrupts for SMP systems.
[[0;32m  OK  [0m] Started LSB: Set the CPU Frequency Scaling governor to "ondemand".
[[0;32m  OK  [0m] Started LSB: automatic crash report generation.
[[0;32m  OK  [0m] Started Terminate Plymouth Boot Screen.
[[0;32m  OK  [0m] Started Hold until boot process finishes up.
         Starting Set console scheme...
[[0;32m  OK  [0m] Started Getty on tty1.
[[0;32m  OK  [0m] Started Serial Getty on ttyS0.
[[0;32m  OK  [0m] Reached target Login Prompts.
[[0;32m  OK  [0m] Started Pollinate to seed the pseudo random number generator.
[[0;32m  OK  [0m] Started Set console scheme.
         Starting OpenBSD Secure Shell server...
[[0;32m  OK  [0m] Started OpenBSD Secure Shell server.
[[0;32m  OK  [0m] Started LSB: VirtualBox Linux Additions.
[[0;32m  OK  [0m] Started LSB: start Samba daemons for the AD DC.
[[0;32m  OK  [0m] Created slice User Slice of ubuntu.
         Starting User Manager for UID 1000...
[[0;32m  OK  [0m] Started LSB: start Samba NetBIOS nameserver (nmbd).
[[0;32m  OK  [0m] Started Session 1 of user ubuntu.
[  224.871190] cloud-init[1040]: Cloud-init v. 0.7.9 running 'modules:config' at Wed, 23 Aug 2017 10:52:45 +0000. Up 219.44 seconds.

Ubuntu 16.04.2 LTS ubuntu-xenial ttyS0

ubuntu-xenial login: [  232.715010] cloud-init[1528]: Cloud-init v. 0.7.9 running 'modules:final' at Wed, 23 Aug 2017 10:52:57 +0000. Up 231.39 seconds.
[  232.917881] cloud-init[1528]: Cloud-init v. 0.7.9 finished at Wed, 23 Aug 2017 10:52:59 +0000. Datasource DataSourceNoCloud [seed=/dev/sdb][dsmode=net].  Up 232.61 seconds
